*.C
*.H
*.HLP
*.BAT
COMP.LST
CLANGET.EXE
CLANS.ASC
CLANS.CFG
CLANS.EXE
CLANS1L.ASC
CLANS2.EXE
CLANTITL.ASC
CLASSES.ASC
CLASSES.TXT
COMBAT.EXE
COMBAT2.EXE
COMBAT3.EXE
DOOR.SYS
ENEMIES.TXT
GAME.CFG
CLANS.CFG
GETCLASS.EXE
INSTRUCT.DOC
ITEMGET.EXE
ITEMS.TXT
MAILMENU.ASC
MAINMENU.ASC
MARKET.ASC
MARKMENU.ASC
MENU.ASC
MINEMENU.ASC
NAMES.TXT
PLAYERS.TXT
RACES.ASC
RACES.TXT
SHELL.EXE
STATS.ASC
SUNS.
SUNS.ASC
SYNOPSIS.TXT
TITLE.ASC
TODAY.ASC
TOWNSTAT.ASC
WELCOME.ASC
strings.txt
langcomp.c
langcomp.exe
NPCS.TXT
NPC-PC.TXT
NPCQUOTE.TXT
EVA.TXT
QUESTS.TXT
QUESTS.EVT
QUESTS.DOC
eventmon.txt
monsters.txt
quests.ini
clans.ini
clans.npc
makenpc.c
runclans.bat
*.SMP
Pro*.log
