menus.hlp       /hlp/menus
bulletin.hlp    /hlp/bulletins
citizen.hlp     /hlp/citizen
clans.hlp       /hlp/general
combat.hlp      /hlp/combat
empire.hlp      /hlp/empire
army.hlp        /hlp/army
items.hlp       /hlp/items
newbie.hlp      /hlp/newbie
races.hlp       /hlp/races
ruler.hlp       /hlp/ruler
spells.hlp      /hlp/spells
stats.hlp       /hlp/stats
strategy.hlp    /hlp/strategy
village.hlp     /hlp/village
war.hlp         /hlp/war
wizard.hlp      /hlp/wizard
items.dat       /dat/items
spells.dat      /dat/spells
races.dat       /dat/races
classes.dat     /dat/classes
strings.xl      /dat/Language
dumbfile.txt    /dumbstuff/dumbfile.text
important.doc   /This.Is.Important
spam.txt        /$$$$-MAKEMONEYFAST-$$$
myemail.txt     /ussher@gpu.srv.ualberta.ca
