menus.hlp       /hlp/menus
bulletin.hlp    /hlp/bulletins
citizen.hlp     /hlp/citizen
clans.hlp       /hlp/general
combat.hlp      /hlp/combat
empire.hlp      /hlp/empire
army.hlp        /hlp/army
items.hlp       /hlp/items
newbie.hlp      /hlp/newbie
races.hlp       /hlp/races
ruler.hlp       /hlp/ruler
spells.hlp      /hlp/spells
stats.hlp       /hlp/stats
strategy.hlp    /hlp/strategy
village.hlp     /hlp/village
war.hlp         /hlp/war
wizard.hlp      /hlp/wizard
quests.e        /e/MyQuests
eva.e           /e/Eva
church.e        /e/Church
pray.e          /e/Pray
npcquote.q      /q/NpcQuote
eventmon.mon    /m/Eva
monsters.mon    /m/Output
npc-pc.mon      /m/Npc
secret.e        /e/Secret
clans.npc       /dat/Npc
items.itm       /dat/items
spells.spl      /dat/spells
races.cls       /dat/races
classes.cls     /dat/classes
schemes.txt     /d/Schemes
strings.xl      /dat/Language
list.asc        /px/List
pxtit.asc       /px/Title
pg.asc          /px/Pg
pxnews.asc      /px/News
